  RoundDetection.cpp
D:\OneDrive - stu.hit.edu.cn\Lessons\Machine_Vision\Homeworks\9\code\RoundDetection\RoundDetection\RoundDetection.cpp(45,31): warning C4267: “=”: 从“size_t”转换到“int”，可能丢失数据
D:\OneDrive - stu.hit.edu.cn\Lessons\Machine_Vision\Homeworks\9\code\RoundDetection\RoundDetection\RoundDetection.cpp(64,26): warning C4267: “初始化”: 从“size_t”转换到“int”，可能丢失数据
D:\OneDrive - stu.hit.edu.cn\Lessons\Machine_Vision\Homeworks\9\code\RoundDetection\RoundDetection\RoundDetection.cpp(125,41): warning C4267: “初始化”: 从“size_t”转换到“int”，可能丢失数据
D:\OneDrive - stu.hit.edu.cn\Lessons\Machine_Vision\Homeworks\9\code\RoundDetection\RoundDetection\RoundDetection.cpp(145,39): warning C4244: “参数”: 从“float”转换到“int”，可能丢失数据
D:\OneDrive - stu.hit.edu.cn\Lessons\Machine_Vision\Homeworks\9\code\RoundDetection\RoundDetection\RoundDetection.cpp(146,39): warning C4244: “参数”: 从“float”转换到“int”，可能丢失数据
D:\OneDrive - stu.hit.edu.cn\Lessons\Machine_Vision\Homeworks\9\code\RoundDetection\RoundDetection\RoundDetection.cpp(148,37): warning C4305: “初始化”: 从“double”到“float”截断
D:\OneDrive - stu.hit.edu.cn\Lessons\Machine_Vision\Homeworks\9\code\RoundDetection\RoundDetection\RoundDetection.cpp(167,42): warning C4244: “参数”: 从“float”转换到“int”，可能丢失数据
D:\OneDrive - stu.hit.edu.cn\Lessons\Machine_Vision\Homeworks\9\code\RoundDetection\RoundDetection\RoundDetection.cpp(167,34): warning C4244: “参数”: 从“float”转换到“int”，可能丢失数据
D:\OneDrive - stu.hit.edu.cn\Lessons\Machine_Vision\Homeworks\9\code\RoundDetection\RoundDetection\RoundDetection.cpp(168,38): warning C4244: “参数”: 从“float”转换到“_Tp”，可能丢失数据
          with
          [
              _Tp=int
          ]
D:\OneDrive - stu.hit.edu.cn\Lessons\Machine_Vision\Homeworks\9\code\RoundDetection\RoundDetection\RoundDetection.cpp(168,30): warning C4244: “参数”: 从“float”转换到“_Tp”，可能丢失数据
          with
          [
              _Tp=int
          ]
D:\OneDrive - stu.hit.edu.cn\Lessons\Machine_Vision\Homeworks\9\code\RoundDetection\RoundDetection\RoundDetection.cpp(225,78): warning C4244: “参数”: 从“_Tp”转换到“int”，可能丢失数据
          with
          [
              _Tp=float
          ]
D:\OneDrive - stu.hit.edu.cn\Lessons\Machine_Vision\Homeworks\9\code\RoundDetection\RoundDetection\RoundDetection.cpp(239,23): warning C4244: “初始化”: 从“int64”转换到“double”，可能丢失数据
  RoundDetection.vcxproj -> D:\OneDrive - stu.hit.edu.cn\Lessons\Machine_Vision\Homeworks\9\code\RoundDetection\x64\Debug\RoundDetection.exe
